C51 COMPILER V9.59.0.0   AT89C52_INIT                                                      05/15/2020 11:03:31 PAGE 1   


C51 COMPILER V9.59.0.0, COMPILATION OF MODULE AT89C52_INIT
OBJECT MODULE PLACED IN .\output\AT89C52_init.obj
COMPILER INVOKED BY: E:\Softwares\uVersion5\C51\BIN\C51.EXE Sources\AT89C52_init.c OPTIMIZE(8,SPEED) BROWSE DEBUG OBJECT
                    -EXTEND PRINT(.\output\AT89C52_init.lst) TABS(2) OBJECT(.\output\AT89C52_init.obj)

line level    source

   1          #include <reg52.h>
   2          #include "AT89C52_init.h"
   3          void INT_init()//使能AT89C52外部中断0和外部中断1
   4          {
   5   1          EA=0;//关闭总中断屏蔽外部中断
   6   1          IT0=1;//下降沿中断
   7   1          EX0=1;//开启分中断开关,允许外部中断0中断
   8   1          IT1=1;//下降沿中断
   9   1          EX1=1;//开启分中断开关,允许外部中断1中断
  10   1          EA=1;//开启总中断
  11   1      }
  12          
  13          //定时器0初始化函数
  14          void T0_initial()
  15          {
  16   1          TMOD=0x01;
  17   1          //思路一：
  18   1      /*     由于ADC0809需要提供时钟脉冲，由定时器T0产生
  19   1          02启用8位自动赋值定时器，最大值为256
  20   1          
  21   1           */
  22   1      
  23   1          //思路二：
  24   1      /*     工作方式控制寄存器,8位,高4位为定时器T1区域,低4位定时器T0区域
  25   1          01启用16位定时器/计数器
  26   1          科普:单片机输出低电平能力很强,输出高电平能力很弱,上电引脚默认为低电平,之所以
  27   1          学过的430上电,引脚为高电平是因为内部集成有上拉电阻
  28   1          无需配置C/(T的反)，即计数模式和定时器模式选择位,因为单片机默认上电是低电平
  29   1          0:定时器模式
  30   1          1:计数器模式,计数外部脉冲   
  31   1           */
  32   1          TH0=0x3C;
  33   1          TL0=0x80;
  34   1          //思路一：TL0计满溢出后，TH0自动将0xE8赋给TL0
  35   1          /* 经测量频率为20kHz */
  36   1          
  37   1      /* 思路二：
  38   1          每次进入中断赋初值15536,50ms检测一次3C80   
  39   1          根据51单片机外部12MHz晶振自定义进入中断的时间公式
  40   1          (2^16-X)*[10^(-6)]=自定义进入中断时间，计算可得X=15536
  41   1          转换成16进制为(15536)D=(3c80)H,将3C赋值给高八位TH0，将80赋值给低八位TL0 */
  42   1          ET0=1;//允许T0中断
  43   1          TR0=1;//启动T0计数器
  44   1          EA=1;//打开总中断
  45   1      }


MODULE INFORMATION:   STATIC OVERLAYABLE
   CODE SIZE        =     29    ----
   CONSTANT SIZE    =   ----    ----
   XDATA SIZE       =   ----    ----
   PDATA SIZE       =   ----    ----
   DATA SIZE        =   ----    ----
   IDATA SIZE       =   ----    ----
C51 COMPILER V9.59.0.0   AT89C52_INIT                                                      05/15/2020 11:03:31 PAGE 2   

   BIT SIZE         =   ----    ----
END OF MODULE INFORMATION.


C51 COMPILATION COMPLETE.  0 WARNING(S),  0 ERROR(S)
