C51 COMPILER V9.59.0.0   DELAY                                                             05/15/2020 11:03:31 PAGE 1   


C51 COMPILER V9.59.0.0, COMPILATION OF MODULE DELAY
OBJECT MODULE PLACED IN .\output\delay.obj
COMPILER INVOKED BY: E:\Softwares\uVersion5\C51\BIN\C51.EXE Sources\delay.c OPTIMIZE(8,SPEED) BROWSE DEBUG OBJECTEXTEND 
                    -PRINT(.\output\delay.lst) TABS(2) OBJECT(.\output\delay.obj)

line level    source

   1          #include "delay.h"
   2          #include "define.h"
   3          void delay(uint n)//µ¥Î»1ms
   4          {
   5   1             unsigned int i,j; 
   6   1             for(i=0;i<n;i++)
   7   1              for(j=0;j<113;j++);
   8   1      }


MODULE INFORMATION:   STATIC OVERLAYABLE
   CODE SIZE        =     32    ----
   CONSTANT SIZE    =   ----    ----
   XDATA SIZE       =   ----    ----
   PDATA SIZE       =   ----    ----
   DATA SIZE        =   ----    ----
   IDATA SIZE       =   ----    ----
   BIT SIZE         =   ----    ----
END OF MODULE INFORMATION.


C51 COMPILATION COMPLETE.  0 WARNING(S),  0 ERROR(S)
