C51 COMPILER V9.59.0.0   KEY_CHECK                                                         05/15/2020 11:03:32 PAGE 1   


C51 COMPILER V9.59.0.0, COMPILATION OF MODULE KEY_CHECK
OBJECT MODULE PLACED IN .\output\key_check.obj
COMPILER INVOKED BY: E:\Softwares\uVersion5\C51\BIN\C51.EXE Sources\key_check.c OPTIMIZE(8,SPEED) BROWSE DEBUG OBJECTEXT
                    -END PRINT(.\output\key_check.lst) TABS(2) OBJECT(.\output\key_check.obj)

line level    source

   1          #include <reg52.h>
   2          #include "adjust_voltage.h"
   3          #include "lcd_display.h"
   4          #include "key_check.h"
   5          #include "define.h"
   6          sbit KEY3=P3^0;
   7          sbit KEY4=P3^1;
   8          
   9          void KEY_Check() 
  10          {
  11   1          static unsigned char now=1,n=0,i=0,j=0;
  12   1          //n用来控制刚开始按下进入哪个界面，第二次按下是对固定界面电压调节,i的作用是若按键长时间没变化,隐藏调节
             -界面
  13   1          //j的作用是停留在哪个界面上持续控制
  14   1          uchar past,key=0;//key来区别那个按键按下
  15   1          past=now;
  16   1          if(KEY3==0)    {key=3;now=0;}
  17   1          else if(KEY4==0)    {key=4;now=0;}
  18   1          else    now=1;
  19   1          if((past==1)&&(now==0))
  20   1          {
  21   2              i=0;//按下按键的话，清空长时间未操作累计变量
  22   2              if(n==0)///第一次按两个键中的任意一个是判断进入那个界面
  23   2              {
  24   3                  if(key==3)  {display_adjust(1);  j=1;}//1进入上限电压调节界面
  25   3                  else if(key==4) {display_adjust(-1);  j=-1;}//-1进入下限电压调节界面
  26   3                  n+=1;            
  27   3              }
  28   2              else//第二次以后开始调节电压
  29   2              {
  30   3                  switch(j)
  31   3                  {
  32   4                      case 1://对上限电压进行调节
  33   4                          if(key==3)       
  34   4                          {   
  35   5                              adjust_up_add(flag);   
  36   5                              display_adjust(1);
  37   5                          }
  38   4                          else if(key==4)  
  39   4                          { 
  40   5                              adjust_up_reduce(flag);
  41   5                              display_adjust(1);
  42   5                          }
  43   4                          break;
  44   4                      case -1://对下限电压进行调节
  45   4                          if(key==3)       
  46   4                          {   
  47   5                              adjust_down_add(flag);   
  48   5                              display_adjust(-1);
  49   5                          }
  50   4                          else if(key==4)  
  51   4                          { 
  52   5                              adjust_down_reduce(flag);
  53   5                              display_adjust(-1);
C51 COMPILER V9.59.0.0   KEY_CHECK                                                         05/15/2020 11:03:32 PAGE 2   

  54   5                          }            
  55   4                          break;
  56   4                  }
  57   3              }    
  58   2          }
  59   1          else if((past==1)&&(now==1))
  60   1          {
  61   2              i++;
  62   2              if(i==20)  {display_adjust(0); n=0;}
  63   2          }   
  64   1      }


MODULE INFORMATION:   STATIC OVERLAYABLE
   CODE SIZE        =    175    ----
   CONSTANT SIZE    =   ----    ----
   XDATA SIZE       =   ----    ----
   PDATA SIZE       =   ----    ----
   DATA SIZE        =      4       2
   IDATA SIZE       =   ----    ----
   BIT SIZE         =   ----    ----
END OF MODULE INFORMATION.


C51 COMPILATION COMPLETE.  0 WARNING(S),  0 ERROR(S)
