C51 COMPILER V9.59.0.0   LCD_DISPLAY                                                       05/15/2020 11:03:31 PAGE 1   


C51 COMPILER V9.59.0.0, COMPILATION OF MODULE LCD_DISPLAY
OBJECT MODULE PLACED IN .\output\lcd_display.obj
COMPILER INVOKED BY: E:\Softwares\uVersion5\C51\BIN\C51.EXE Sources\lcd_display.c OPTIMIZE(8,SPEED) BROWSE DEBUG OBJECTE
                    -XTEND PRINT(.\output\lcd_display.lst) TABS(2) OBJECT(.\output\lcd_display.obj)

line level    source

   1          #include "lcd_init.h"
   2          #include "lcd_display.h"
   3          #include "ADC.h"
   4          #include "delay.h"
   5          #include "adjust_voltage.h"
   6          #include "define.h"
   7          /*注意宏定义有两种形式
   8          第一种：
   9          #define uchar unsigned char 
  10          结尾没有封号
  11          第二种：
  12          typedef unsigned char uchar;
  13          结尾有封号 */
  14          uchar code selfchar_up[]={0x04,0x0E,0x15,0x04,0x04,0x04,0x04,0x00};//上升箭头
  15          uchar code selfchar_down[]={0x04,0x04,0x04,0x04,0x15,0x0E,0x04,0x00};//下降箭头
  16          uchar code selfchar_clear[]={0x00,0x00,0x00,0x00,0x00,0x00,0x00,0x00};//清除箭头
  17          uchar code my_num[]="Xb17610107";
  18          void display_normal()//显示学号
  19          { 
  20   1          uchar j=0;
  21   1          LCD_Write_Command(0x46+0x80);//学号从第2行第7个开始显示,显示地址+指针   
  22   1          while(my_num[j]!='\0')
  23   1          { 
  24   2              LCD_Write_Value(my_num[j]);
  25   2              j++;
  26   2              delay(5);
  27   2          }
  28   1          LCD_Write_Command(0x00+0x80);//送通道号显示初地址
  29   1          LCD_Write_Value(0x5b);//显示[
  30   1          LCD_Write_Value(0x43);//显示C
  31   1          LCD_Write_Value(0x68);//显示h
  32   1          LCD_Write_Value(0x30);//显示0
  33   1          LCD_Write_Value(0x30);//显示0
  34   1          LCD_Write_Value(0x5d);//显示]
  35   1      
  36   1          LCD_Write_Command(0x07+0x80);//送电压显示初地址
  37   1          LCD_Write_Value(0x56);//显示V
  38   1          LCD_Write_Value(0x6F);//显示o
  39   1          LCD_Write_Value(0x6c);//显示l
  40   1          LCD_Write_Value(0x3A);//显示:
  41   1      
  42   1          LCD_Write_Command(0x0F+0x80);//送电压显示初地址
  43   1          LCD_Write_Value(0x56);//显示V
  44   1      }
  45          
  46          void display_channel_Voltage(uchar m)//显示通道和电压
  47          {
  48   1          LCD_Write_Command(0x04+0x80);//送通道号显示初地址
  49   1          LCD_Write_Value(flag+0x30);//显示0
  50   1          LCD_Write_Command(0x0b+0x80);//送电压显示初地址
  51   1          switch(m)
  52   1          {
  53   2              case 0:
  54   2                  ADC(0);   
C51 COMPILER V9.59.0.0   LCD_DISPLAY                                                       05/15/2020 11:03:31 PAGE 2   

  55   2                  LCD_Write_Value(temp2/100+0x30);//显示最高位
  56   2                  LCD_Write_Value(0x2E);//显示小数点
  57   2                  LCD_Write_Value((temp2/10)%10+0x30);//显示第1位小数
  58   2                  LCD_Write_Value(temp2%10+0x30);//显示第2位小数       
  59   2                  break;
  60   2              case 1:
  61   2                  ADC(1);
  62   2                  LCD_Write_Value(temp2/100+0x30);//显示最高位
  63   2                  LCD_Write_Value(0x2E);//显示小数点
  64   2                  LCD_Write_Value((temp2/10)%10+0x30);//显示第1位小数
  65   2                  LCD_Write_Value(temp2%10+0x30);//显示第2位小数       
  66   2                  break;
  67   2              case 2:
  68   2                  ADC(2);
  69   2                  LCD_Write_Value(temp2/100+0x30);//显示最高位
  70   2                  LCD_Write_Value(0x2E);//显示小数点
  71   2                  LCD_Write_Value((temp2/10)%10+0x30);//显示第1位小数
  72   2                  LCD_Write_Value(temp2%10+0x30);//显示第2位小数       
  73   2                  break;
  74   2              case 3:
  75   2                  ADC(3); 
  76   2                  LCD_Write_Value(temp2/100+0x30);//显示最高位
  77   2                  LCD_Write_Value(0x2E);//显示小数点
  78   2                  LCD_Write_Value((temp2/10)%10+0x30);//显示第1位小数
  79   2                  LCD_Write_Value(temp2%10+0x30);//显示第2位小数        
  80   2                  break;
  81   2              case 4:
  82   2                  ADC(4);
  83   2                  LCD_Write_Value(temp2/100+0x30);//显示最高位
  84   2                  LCD_Write_Value(0x2E);//显示小数点
  85   2                  LCD_Write_Value((temp2/10)%10+0x30);//显示第1位小数
  86   2                  LCD_Write_Value(temp2%10+0x30);//显示第2位小数       
  87   2                  break;
  88   2              case 5:
  89   2                  ADC(5); 
  90   2                  LCD_Write_Value(temp2/100+0x30);//显示最高位
  91   2                  LCD_Write_Value(0x2E);//显示小数点
  92   2                  LCD_Write_Value((temp2/10)%10+0x30);//显示第1位小数
  93   2                  LCD_Write_Value(temp2%10+0x30);//显示第2位小数       
  94   2                  break;
  95   2              case 6: 
  96   2                  ADC(6);
  97   2                  LCD_Write_Value(temp2/100+0x30);//显示最高位
  98   2                  LCD_Write_Value(0x2E);//显示小数点
  99   2                  LCD_Write_Value((temp2/10)%10+0x30);//显示第1位小数
 100   2                  LCD_Write_Value(temp2%10+0x30);//显示第2位小数
 101   2                  break;
 102   2              case 7:
 103   2                  ADC(7);
 104   2                  LCD_Write_Value(temp2/100+0x30);//显示最高位
 105   2                  LCD_Write_Value(0x2E);//显示小数点
 106   2                  LCD_Write_Value((temp2/10)%10+0x30);//显示第1位小数
 107   2                  LCD_Write_Value(temp2%10+0x30);//显示第2位小数 
 108   2                  break;
 109   2          }
 110   1      }
 111          
 112          void display_down(uchar p)
 113          {
 114   1          switch(p)
 115   1          {
 116   2              case 0:
C51 COMPILER V9.59.0.0   LCD_DISPLAY                                                       05/15/2020 11:03:31 PAGE 3   

 117   2                  LCD_Write_Value(down0/100+0x30);//显示最高位
 118   2                  LCD_Write_Value(0x2E);//显示小数点
 119   2                  LCD_Write_Value((down0/10)%10+0x30);//显示第1位小数
 120   2                  LCD_Write_Value(down0%10+0x30);//显示第2位小数
 121   2                  break; 
 122   2              case 1:
 123   2                  LCD_Write_Value(down1/100+0x30);//显示最高位
 124   2                  LCD_Write_Value(0x2E);//显示小数点
 125   2                  LCD_Write_Value((down1/10)%10+0x30);//显示第1位小数
 126   2                  LCD_Write_Value(down1%10+0x30);//显示第2位小数
 127   2                  break;
 128   2              case 2:
 129   2                  LCD_Write_Value(down2/100+0x30);//显示最高位
 130   2                  LCD_Write_Value(0x2E);//显示小数点
 131   2                  LCD_Write_Value((down2/10)%10+0x30);//显示第1位小数
 132   2                  LCD_Write_Value(down2%10+0x30);//显示第2位小数
 133   2                  break;
 134   2              case 3:
 135   2                  LCD_Write_Value(down3/100+0x30);//显示最高位
 136   2                  LCD_Write_Value(0x2E);//显示小数点
 137   2                  LCD_Write_Value((down3/10)%10+0x30);//显示第1位小数
 138   2                  LCD_Write_Value(down3%10+0x30);//显示第2位小数
 139   2                  break;
 140   2              case 4:
 141   2                  LCD_Write_Value(down4/100+0x30);//显示最高位
 142   2                  LCD_Write_Value(0x2E);//显示小数点
 143   2                  LCD_Write_Value((down4/10)%10+0x30);//显示第1位小数
 144   2                  LCD_Write_Value(down4%10+0x30);//显示第2位小数
 145   2                  break;
 146   2              case 5:
 147   2                  LCD_Write_Value(down5/100+0x30);//显示最高位
 148   2                  LCD_Write_Value(0x2E);//显示小数点
 149   2                  LCD_Write_Value((down5/10)%10+0x30);//显示第1位小数
 150   2                  LCD_Write_Value(down5%10+0x30);//显示第2位小数
 151   2                  break;
 152   2              case 6:
 153   2                  LCD_Write_Value(down6/100+0x30);//显示最高位
 154   2                  LCD_Write_Value(0x2E);//显示小数点
 155   2                  LCD_Write_Value((down6/10)%10+0x30);//显示第1位小数
 156   2                  LCD_Write_Value(down6%10+0x30);//显示第2位小数
 157   2                  break;
 158   2              case 7:
 159   2                  LCD_Write_Value(down7/100+0x30);//显示最高位
 160   2                  LCD_Write_Value(0x2E);//显示小数点
 161   2                  LCD_Write_Value((down7/10)%10+0x30);//显示第1位小数
 162   2                  LCD_Write_Value(down7%10+0x30);//显示第2位小数
 163   2                  break;
 164   2          }
 165   1      }
 166          
 167          void display_up(uchar p)
 168          {
 169   1          switch(p)
 170   1          {
 171   2              case 0:
 172   2                  LCD_Write_Value(up0/100+0x30);//显示最高位
 173   2                  LCD_Write_Value(0x2E);//显示小数点
 174   2                  LCD_Write_Value((up0/10)%10+0x30);//显示第1位小数
 175   2                  LCD_Write_Value(up0%10+0x30);//显示第2位小数
 176   2                  break; 
 177   2              case 1:
 178   2                  LCD_Write_Value(up1/100+0x30);//显示最高位
C51 COMPILER V9.59.0.0   LCD_DISPLAY                                                       05/15/2020 11:03:31 PAGE 4   

 179   2                  LCD_Write_Value(0x2E);//显示小数点
 180   2                  LCD_Write_Value((up1/10)%10+0x30);//显示第1位小数
 181   2                  LCD_Write_Value(up1%10+0x30);//显示第2位小数
 182   2                  break;
 183   2              case 2:
 184   2                  LCD_Write_Value(up2/100+0x30);//显示最高位
 185   2                  LCD_Write_Value(0x2E);//显示小数点
 186   2                  LCD_Write_Value((up2/10)%10+0x30);//显示第1位小数
 187   2                  LCD_Write_Value(up2%10+0x30);//显示第2位小数
 188   2                  break;
 189   2              case 3:
 190   2                  LCD_Write_Value(up3/100+0x30);//显示最高位
 191   2                  LCD_Write_Value(0x2E);//显示小数点
 192   2                  LCD_Write_Value((up3/10)%10+0x30);//显示第1位小数
 193   2                  LCD_Write_Value(up3%10+0x30);//显示第2位小数
 194   2                  break;
 195   2              case 4:
 196   2                  LCD_Write_Value(up4/100+0x30);//显示最高位
 197   2                  LCD_Write_Value(0x2E);//显示小数点
 198   2                  LCD_Write_Value((up4/10)%10+0x30);//显示第1位小数
 199   2                  LCD_Write_Value(up4%10+0x30);//显示第2位小数
 200   2                  break;
 201   2              case 5:
 202   2                  LCD_Write_Value(up5/100+0x30);//显示最高位
 203   2                  LCD_Write_Value(0x2E);//显示小数点
 204   2                  LCD_Write_Value((up5/10)%10+0x30);//显示第1位小数
 205   2                  LCD_Write_Value(up5%10+0x30);//显示第2位小数
 206   2                  break;
 207   2              case 6:
 208   2                  LCD_Write_Value(up6/100+0x30);//显示最高位
 209   2                  LCD_Write_Value(0x2E);//显示小数点
 210   2                  LCD_Write_Value((up6/10)%10+0x30);//显示第1位小数
 211   2                  LCD_Write_Value(up6%10+0x30);//显示第2位小数
 212   2                  break;
 213   2              case 7:
 214   2                  LCD_Write_Value(up7/100+0x30);//显示最高位
 215   2                  LCD_Write_Value(0x2E);//显示小数点
 216   2                  LCD_Write_Value((up7/10)%10+0x30);//显示第1位小数
 217   2                  LCD_Write_Value(up7%10+0x30);//显示第2位小数
 218   2                  break;
 219   2          }
 220   1      }
 221          
 222          void display_adjust(char s)//显示调节后上下限电压的内容，s用来选择显示上限电压还是下限电压
 223          {
 224   1          uchar m;
 225   1          LCD_Write_Command(0x40);//设定CGRAM地址，把自定义字符存储进去
 226   1          switch(s)
 227   1          {
 228   2              case -1:
 229   2              for(m=0;m<8;m++) //将selfchar_down[]中的数据依次写入CGRAM的8位里
 230   2              {
 231   3                  LCD_Write_Value(selfchar_down[m]);
 232   3                  delay(5);
 233   3              }
 234   2              LCD_Write_Command(0x40+0x80);    
 235   2              LCD_Write_Value(0x00);//显示自定义字符的位置
 236   2              display_down(flag);//显示对应通道的下限电压
 237   2              break;
 238   2              
 239   2              case 1:
 240   2              for(m=0;m<8;m++) //将selfchar_up[]中的数据依次写入CGRAM的8位里
C51 COMPILER V9.59.0.0   LCD_DISPLAY                                                       05/15/2020 11:03:31 PAGE 5   

 241   2              {
 242   3                  LCD_Write_Value(selfchar_up[m]);
 243   3                  delay(5);
 244   3              }
 245   2              LCD_Write_Command(0x40+0x80);    
 246   2              LCD_Write_Value(0x00);//显示自定义字符的位置
 247   2              display_up(flag);//显示对应通道的上限电压
 248   2              break;
 249   2      
 250   2              case 0:
 251   2              for(m=0;m<8;m++) //将selfchar_clear[]中的数据依次写入CGRAM的8位里
 252   2              {
 253   3                  LCD_Write_Value(selfchar_clear[m]);
 254   3                  delay(5);
 255   3              }
 256   2              LCD_Write_Command(0x40+0x80);//长时间不按，消隐
 257   2              LCD_Write_Value(0x20);
 258   2              LCD_Write_Value(0x20);
 259   2              LCD_Write_Value(0x20);
 260   2              LCD_Write_Value(0x20);
 261   2              LCD_Write_Value(0x20);
 262   2              break;                
 263   2          }
 264   1      }
 265          
 266          


MODULE INFORMATION:   STATIC OVERLAYABLE
   CODE SIZE        =   1429    ----
   CONSTANT SIZE    =     35    ----
   XDATA SIZE       =   ----    ----
   PDATA SIZE       =   ----    ----
   DATA SIZE        =   ----       4
   IDATA SIZE       =   ----    ----
   BIT SIZE         =   ----    ----
END OF MODULE INFORMATION.


C51 COMPILATION COMPLETE.  0 WARNING(S),  0 ERROR(S)
