C51 COMPILER V9.59.0.0   LCD_INIT                                                          05/15/2020 11:03:31 PAGE 1   


C51 COMPILER V9.59.0.0, COMPILATION OF MODULE LCD_INIT
OBJECT MODULE PLACED IN .\output\lcd_init.obj
COMPILER INVOKED BY: E:\Softwares\uVersion5\C51\BIN\C51.EXE Sources\lcd_init.c OPTIMIZE(8,SPEED) BROWSE DEBUG OBJECTEXTE
                    -ND PRINT(.\output\lcd_init.lst) TABS(2) OBJECT(.\output\lcd_init.obj)

line level    source

   1          #include <reg52.h>
   2          #include "lcd_init.h"
   3          #include "delay.h"
   4          #include "define.h"
   5          sbit LCD_RS=P3^7;//RS为寄存器选择引脚,1数据寄存器,0指令寄存器
   6          sbit LCD_RW=P3^6;//读写信号线,1读操作,0写操作
   7          /* 
   8          RS=0,RW=0:写入(指令或显示地址)
   9          RS=0,RW=1:读忙信号
  10          RS=1,RW=0:写入数据 */
  11          sbit LCD_EN=P3^5;//LCD使能端口,由1变0时液晶模块执行命令
  12          sbit add_A=P0^0;
  13          sbit add_B=P0^1;
  14          sbit add_C=P0^2;//ABC为3为地址输入线，译码出8位通道
  15          /* C为高位
  16          000->Y0=0
  17          001->Y1=0
  18          010->Y2=0
  19          ... */
  20          void lcd_init()
  21          {
  22   1          LCD_Write_Command(0x38);//功能设置指令6：8位数据，双行显示，5*7字形
  23   1          LCD_Write_Command(0x0c);//显示开关控制指令4：开启显示屏，关光标，光标不闪烁
  24   1          LCD_Write_Command(0x06);//置输入模式指令3：数据读写后光标右移，画面不移动
  25   1          LCD_Write_Command(0x01);//清屏指令1
  26   1      }
  27          
  28          void LCD_Write_Command(uchar com)//写命令函数
  29          {
  30   1        LCD_EN=0;
  31   1          LCD_RS=0;//选择指令寄存器
  32   1          LCD_RW=0;//选择写
  33   1          P2=com;//传命令
  34   1        delay(5);
  35   1          LCD_EN=1;//将使能线置高
  36   1          delay(5);//将高电平延时1段时间
  37   1          LCD_EN=0;//产生下降沿，让LCD执行命令
  38   1      /*     根据LCD1602的时序图
  39   1          首先:EN=0,RS=0,RW=0,写入(指令或显示地址)
  40   1          将数据送到总线上,延时一段时间
  41   1          EN=1,开始传(指令或显示地址)
  42   1          延时一段时间
  43   1          EN=0
  44   1          数据传入完成 */
  45   1      }
  46          
  47          void LCD_Write_Value(uchar value)//写数据函数
  48          {
  49   1        LCD_EN=0;
  50   1          LCD_RS=1;//选择数据寄存器
  51   1          LCD_RW=0;//选择写
  52   1          P2=value;//传输显示数据
  53   1          delay(5);
  54   1          LCD_EN=1;//将使能线置高
C51 COMPILER V9.59.0.0   LCD_INIT                                                          05/15/2020 11:03:31 PAGE 2   

  55   1          delay(5);//将高电平延时1段时间
  56   1          LCD_EN=0;//产生下降沿，让LCD执行命令
  57   1          /*根据LCD1602的时序图
  58   1          首先:EN=0,RS=1,RW=0,向LCD1602写入数据
  59   1          将数据送到总线上,延时一段时间
  60   1          EN=1,开始传数据
  61   1          延时一段时间
  62   1          EN=0
  63   1          数据传入完成 */
  64   1      }
  65          
  66          
  67          


MODULE INFORMATION:   STATIC OVERLAYABLE
   CODE SIZE        =     74    ----
   CONSTANT SIZE    =   ----    ----
   XDATA SIZE       =   ----    ----
   PDATA SIZE       =   ----    ----
   DATA SIZE        =   ----    ----
   IDATA SIZE       =   ----    ----
   BIT SIZE         =   ----    ----
END OF MODULE INFORMATION.


C51 COMPILATION COMPLETE.  0 WARNING(S),  0 ERROR(S)
