C51 COMPILER V9.59.0.0   LED_WARNING                                                       05/15/2020 11:03:32 PAGE 1   


C51 COMPILER V9.59.0.0, COMPILATION OF MODULE LED_WARNING
OBJECT MODULE PLACED IN .\output\led_warning.obj
COMPILER INVOKED BY: E:\Softwares\uVersion5\C51\BIN\C51.EXE Sources\led_warning.c OPTIMIZE(8,SPEED) BROWSE DEBUG OBJECTE
                    -XTEND PRINT(.\output\led_warning.lst) TABS(2) OBJECT(.\output\led_warning.obj)

line level    source

   1          #include <reg52.h>
   2          #include "led_warning.h"
   3          #include "adjust_voltage.h"
   4          sbit led_en=P0^7;
   5          sbit bee=P0^6;
   6          void led_warn()
   7          {
   8   1          switch(flag)
   9   1          {
  10   2              case 0:
  11   2                  if((temp2>up0) || (temp2<down0)) 
  12   2                  {
  13   3                    led_en=1;
  14   3                    bee=0;
  15   3                  }
  16   2                  //temp2ä¸ºæ‰©å¤§100å€åŽçš„ç”µåŽ‹å€¼ï¼Œup0ä¸º0é€šé“ä¸Šé™ç”µåŽ‹ï¼Œdown0ä¸º0é€šé“ä¸‹é™ç”µåŽ
             -‹å€¼
  17   2                  //led_en=1ä½¿èƒ½æŠ¥è­¦LED,å¹¶ä¸”å‘å£°ï¼›led_en=0ä¸ä½¿èƒ½æŠ¥è­¦LEDï¼Œä¸å‘å£°
  18   2                  else 
  19   2                  {
  20   3                    led_en=0;
  21   3                    bee=1;  
  22   3                  }    
  23   2                  break;
  24   2              case 1:
  25   2                  if((temp2>up1) || (temp2<down1)) 
  26   2                  {
  27   3                    led_en=1;
  28   3                    bee=0;
  29   3                  }
  30   2                  else 
  31   2                  {
  32   3                    led_en=0;
  33   3                    bee=1;  
  34   3                  }       
  35   2                  break;
  36   2              case 2:
  37   2                  if((temp2>up2) || (temp2<down2)) 
  38   2                  {
  39   3                    led_en=1;
  40   3                    bee=0;
  41   3                  }
  42   2                  else 
  43   2                  {
  44   3                    led_en=0;
  45   3                    bee=1;  
  46   3                  }        
  47   2                  break;
  48   2              case 3: 
  49   2                  if((temp2>up3) || (temp2<down3)) 
  50   2                  {
  51   3                    led_en=1;
  52   3                    bee=0;
  53   3                  }
C51 COMPILER V9.59.0.0   LED_WARNING                                                       05/15/2020 11:03:32 PAGE 2   

  54   2                  else 
  55   2                  {
  56   3                    led_en=0;
  57   3                    bee=1;  
  58   3                  }               
  59   2                  break;
  60   2              case 4:
  61   2                  if((temp2>up4) || (temp2<down4)) 
  62   2                  {
  63   3                    led_en=1;
  64   3                    bee=0;
  65   3                  }
  66   2                  else 
  67   2                  {
  68   3                    led_en=0;
  69   3                    bee=1;  
  70   3                  }               
  71   2                  break;
  72   2              case 5:
  73   2                  if((temp2>up5) || (temp2<down5)) 
  74   2                  {
  75   3                    led_en=1;
  76   3                    bee=0;
  77   3                  }
  78   2                  else 
  79   2                  {
  80   3                    led_en=0;
  81   3                    bee=1;  
  82   3                  }               
  83   2                  break;
  84   2              case 6: 
  85   2                  if((temp2>up6) || (temp2<down6)) 
  86   2                  {
  87   3                    led_en=1;
  88   3                    bee=0;
  89   3                  }
  90   2                  else 
  91   2                  {
  92   3                    led_en=0;
  93   3                    bee=1;  
  94   3                  }  
  95   2                  break;
  96   2              case 7:
  97   2                  if((temp2>up7) || (temp2<down7)) 
  98   2                  {
  99   3                    led_en=1;
 100   3                    bee=0;
 101   3                  }
 102   2                  else 
 103   2                  {
 104   3                    led_en=0;
 105   3                    bee=1;  
 106   3                  }               
 107   2                  break;
 108   2          }    
 109   1      }


MODULE INFORMATION:   STATIC OVERLAYABLE
   CODE SIZE        =    258    ----
   CONSTANT SIZE    =   ----    ----
   XDATA SIZE       =   ----    ----
C51 COMPILER V9.59.0.0   LED_WARNING                                                       05/15/2020 11:03:32 PAGE 3   

   PDATA SIZE       =   ----    ----
   DATA SIZE        =   ----    ----
   IDATA SIZE       =   ----    ----
   BIT SIZE         =   ----    ----
END OF MODULE INFORMATION.


C51 COMPILATION COMPLETE.  0 WARNING(S),  0 ERROR(S)
