Change component parameters: Designator = "D1" ("D1"); Footprint = "LED 5MM-R"; UniqueID = "\AEQEYANA" ("\AEQEYANA")
Change component parameters (AddParameter): Name = "Value"; Value = "ºìµÆ"; VariantName = "[No Variations]"
Change component parameters: Designator = "D2" ("D2"); Footprint = "LED 5MM-R"; UniqueID = "\CZDZJHFX" ("\CZDZJHFX")
Change component parameters (AddParameter): Name = "Value"; Value = "ºìµÆ"; VariantName = "[No Variations]"
Change component parameters: Designator = "D3" ("D3"); Footprint = "LED 5MM-R"; UniqueID = "\BTYVTCUS" ("\BTYVTCUS")
Change component parameters (AddParameter): Name = "Value"; Value = "ºìµÆ"; VariantName = "[No Variations]"
Change component parameters: Designator = "D4" ("D4"); Footprint = "LED 5MM-R"; UniqueID = "\ASIAXPBH" ("\ASIAXPBH")
Change component parameters (AddParameter): Name = "Value"; Value = "ºìµÆ"; VariantName = "[No Variations]"
Change component parameters: Designator = "D5" ("D5"); Footprint = "LED 5MM-R"; UniqueID = "\QAEAXUMS" ("\QAEAXUMS")
Change component parameters (AddParameter): Name = "Value"; Value = "ºìµÆ"; VariantName = "[No Variations]"
Change component parameters: Designator = "D6" ("D6"); Footprint = "LED 5MM-R"; UniqueID = "\HXVZWQQG" ("\HXVZWQQG")
Change component parameters (AddParameter): Name = "Value"; Value = "ºìµÆ"; VariantName = "[No Variations]"
Change component parameters: Designator = "D7" ("D7"); Footprint = "LED 5MM-R"; UniqueID = "\PQURZUBY" ("\PQURZUBY")
Change component parameters (AddParameter): Name = "Value"; Value = "ºìµÆ"; VariantName = "[No Variations]"
Change component parameters: Designator = "D8" ("D8"); Footprint = "LED 5MM-R"; UniqueID = "\JJQIQZOF" ("\JJQIQZOF")
Change component parameters (AddParameter): Name = "Value"; Value = "ºìµÆ"; VariantName = "[No Variations]"
Change component parameters: Designator = "Pp1" ("Pp1"); Footprint = "RP_3296"; UniqueID = "\SXTHCDDS" ("\SXTHCDDS")
Change component parameters (AddParameter): Name = "¹ºÂòÁ´½Ó"; Value = "https://item.taobao.com/item.htm?spm=a230r.1.14.90.21641e34zQj3ul&id=19303265869&ns=1&abbucket=13#detail"; VariantName = "[No Variations]"
Change component parameters: Designator = "Pp2" ("Pp2"); Footprint = "RP_3296"; UniqueID = "\VFELKHCQ" ("\VFELKHCQ")
Change component parameters (AddParameter): Name = "¹ºÂòÁ´½Ó"; Value = "https://item.taobao.com/item.htm?spm=a230r.1.14.90.21641e34zQj3ul&id=19303265869&ns=1&abbucket=13#detail"; VariantName = "[No Variations]"
Added Pin To Net: NetName=NetRN1_8 Pin=RN1-8
Added Pin To Net: NetName=NetRN1_8 Pin=U4-33
Added Net: Name=NetRN1_8
Added Member To Class: ClassName=Sheet1 Member=Component U2 ADC0809N
Added Room: Name=Sheet1
