Removed Pin From Net: NetName=D0 Pin=U4-1
Removed Pin From Net: NetName=D1 Pin=U4-2
Removed Pin From Net: NetName=D2 Pin=U4-3
Removed Pin From Net: NetName=D3 Pin=U4-4
Removed Pin From Net: NetName=D4 Pin=U4-5
Removed Pin From Net: NetName=D5 Pin=U4-6
Removed Pin From Net: NetName=D6 Pin=U4-7
Removed Pin From Net: NetName=D7 Pin=U4-8
Removed Pin From Net: NetName=RESET Pin=U4-9
Removed Pin From Net: NetName=KEY3 Pin=U4-10
Removed Pin From Net: NetName=KEY4 Pin=U4-11
Removed Pin From Net: NetName=KEY1 Pin=U4-12
Removed Pin From Net: NetName=KEY2 Pin=U4-13
Removed Pin From Net: NetName=lcd_en Pin=U4-15
Removed Pin From Net: NetName=RW Pin=U4-16
Removed Pin From Net: NetName=RS Pin=U4-17
Removed Pin From Net: NetName=NetC2_2 Pin=U4-18
Removed Pin From Net: NetName=NetC3_2 Pin=U4-19
Removed Pin From Net: NetName=GND Pin=U4-20
Removed Pin From Net: NetName=NetU3_7 Pin=U4-21
Removed Pin From Net: NetName=NetU3_8 Pin=U4-22
Removed Pin From Net: NetName=NetU3_9 Pin=U4-23
Removed Pin From Net: NetName=NetU3_10 Pin=U4-24
Removed Pin From Net: NetName=NetU3_11 Pin=U4-25
Removed Pin From Net: NetName=NetU3_12 Pin=U4-26
Removed Pin From Net: NetName=NetU3_13 Pin=U4-27
Removed Pin From Net: NetName=NetU3_14 Pin=U4-28
Removed Pin From Net: NetName=VCC Pin=U4-31
Removed Pin From Net: NetName=74LS_EN Pin=U4-32
Removed Pin From Net: NetName=clk Pin=U4-33
Removed Pin From Net: NetName=EOC Pin=U4-34
Removed Pin From Net: NetName=OE Pin=U4-35
Removed Pin From Net: NetName=START_ALE Pin=U4-36
Removed Pin From Net: NetName=add_C Pin=U4-37
Removed Pin From Net: NetName=add_B Pin=U4-38
Removed Pin From Net: NetName=add_A Pin=U4-39
Removed Pin From Net: NetName=VCC Pin=U4-40
Added Component: Designator=U4(DIP-40)
Add component. Clean all parameters for all variants
Added Room: Name=Sheet1
