Added Component: Designator=C1(CAP 2.0*5*11)
Add component. Clean all parameters for all variants
Add component (AddParameter): Name = "LatestRevisionDate"; Value = "17-Jul-2002"; VariantName = "[No Variations]"
Add component (AddParameter): Name = "LatestRevisionNote"; Value = "Re-released for DXP Platform."; VariantName = "[No Variations]"
Add component (AddParameter): Name = "PackageDescription"; Value = "Polarized Capacitor; 2 Leads"; VariantName = "[No Variations]"
Add component (AddParameter): Name = "PackageReference"; Value = "POLAR0.8"; VariantName = "[No Variations]"
Add component (AddParameter): Name = "Published"; Value = "8-Jun-2000"; VariantName = "[No Variations]"
Add component (AddParameter): Name = "Publisher"; Value = "Altium Limited"; VariantName = "[No Variations]"
Add component (AddParameter): Name = "Value"; Value = "100pF"; VariantName = "[No Variations]"
Added Component: Designator=C2(CAP-0.1)
Add component. Clean all parameters for all variants
Add component (AddParameter): Name = "LatestRevisionDate"; Value = "17-Jul-2002"; VariantName = "[No Variations]"
Add component (AddParameter): Name = "LatestRevisionNote"; Value = "Re-released for DXP Platform."; VariantName = "[No Variations]"
Add component (AddParameter): Name = "PackageReference"; Value = "RAD-0.3"; VariantName = "[No Variations]"
Add component (AddParameter): Name = "Published"; Value = "8-Jun-2000"; VariantName = "[No Variations]"
Add component (AddParameter): Name = "Publisher"; Value = "Altium Limited"; VariantName = "[No Variations]"
Add component (AddParameter): Name = "Value"; Value = "104"; VariantName = "[No Variations]"
Added Component: Designator=C3(CAP-0.1)
Add component. Clean all parameters for all variants
Add component (AddParameter): Name = "LatestRevisionDate"; Value = "17-Jul-2002"; VariantName = "[No Variations]"
Add component (AddParameter): Name = "LatestRevisionNote"; Value = "Re-released for DXP Platform."; VariantName = "[No Variations]"
Add component (AddParameter): Name = "PackageReference"; Value = "RAD-0.3"; VariantName = "[No Variations]"
Add component (AddParameter): Name = "Published"; Value = "8-Jun-2000"; VariantName = "[No Variations]"
Add component (AddParameter): Name = "Publisher"; Value = "Altium Limited"; VariantName = "[No Variations]"
Add component (AddParameter): Name = "Value"; Value = "104"; VariantName = "[No Variations]"
Added Component: Designator=D1(LED 5MM-R)
Add component. Clean all parameters for all variants
Add component (AddParameter): Name = "Value"; Value = "∫Ïµ∆"; VariantName = "[No Variations]"
Added Component: Designator=D2(LED 5MM-R)
Add component. Clean all parameters for all variants
Add component (AddParameter): Name = "Value"; Value = "∫Ïµ∆"; VariantName = "[No Variations]"
Added Component: Designator=D3(LED 5MM-R)
Add component. Clean all parameters for all variants
Add component (AddParameter): Name = "Value"; Value = "∫Ïµ∆"; VariantName = "[No Variations]"
Added Component: Designator=D4(LED 5MM-R)
Add component. Clean all parameters for all variants
Add component (AddParameter): Name = "Value"; Value = "∫Ïµ∆"; VariantName = "[No Variations]"
Added Component: Designator=D5(LED 5MM-R)
Add component. Clean all parameters for all variants
Add component (AddParameter): Name = "Value"; Value = "∫Ïµ∆"; VariantName = "[No Variations]"
Added Component: Designator=D6(LED 5MM-R)
Add component. Clean all parameters for all variants
Add component (AddParameter): Name = "Value"; Value = "∫Ïµ∆"; VariantName = "[No Variations]"
Added Component: Designator=D7(LED 5MM-R)
Add component. Clean all parameters for all variants
Add component (AddParameter): Name = "Value"; Value = "∫Ïµ∆"; VariantName = "[No Variations]"
Added Component: Designator=D8(LED 5MM-R)
Add component. Clean all parameters for all variants
Add component (AddParameter): Name = "Value"; Value = "∫Ïµ∆"; VariantName = "[No Variations]"
Added Component: Designator=D9(LED 3MM-G)
Add component. Clean all parameters for all variants
Added Component: Designator=D10(LED 3MM-G)
Add component. Clean all parameters for all variants
Added Component: Designator=D11(LED 3MM-G)
Add component. Clean all parameters for all variants
Added Component: Designator=D12(LED 3MM-G)
Add component. Clean all parameters for all variants
Added Component: Designator=P1(HDR1X8)
Add component. Clean all parameters for all variants
Add component (AddParameter): Name = "LatestRevisionDate"; Value = "17-Jul-2002"; VariantName = "[No Variations]"
Add component (AddParameter): Name = "LatestRevisionNote"; Value = "Re-released for DXP Platform."; VariantName = "[No Variations]"
Add component (AddParameter): Name = "Publisher"; Value = "Altium Limited"; VariantName = "[No Variations]"
Added Component: Designator=P2(HX2.54-2)
Add component. Clean all parameters for all variants
Add component (AddParameter): Name = "LatestRevisionDate"; Value = "17-Jul-2002"; VariantName = "[No Variations]"
Add component (AddParameter): Name = "LatestRevisionNote"; Value = "Re-released for DXP Platform."; VariantName = "[No Variations]"
Add component (AddParameter): Name = "Publisher"; Value = "Altium Limited"; VariantName = "[No Variations]"
Added Component: Designator=Pp1(RP_3296)
Add component. Clean all parameters for all variants
Add component (AddParameter): Name = "π∫¬Ú¡¥Ω”"; Value = "https://item.taobao.com/item.htm?spm=a230r.1.14.90.21641e34zQj3ul&id=19303265869&ns=1&abbucket=13#detail"; VariantName = "[No Variations]"
Added Component: Designator=Pp2(RP_3296)
Add component. Clean all parameters for all variants
Add component (AddParameter): Name = "π∫¬Ú¡¥Ω”"; Value = "https://item.taobao.com/item.htm?spm=a230r.1.14.90.21641e34zQj3ul&id=19303265869&ns=1&abbucket=13#detail"; VariantName = "[No Variations]"
Added Component: Designator=R1(AXIAL-0.5-R)
Add component. Clean all parameters for all variants
Add component (AddParameter): Name = "LatestRevisionDate"; Value = "17-Jul-2002"; VariantName = "[No Variations]"
Add component (AddParameter): Name = "LatestRevisionNote"; Value = "Re-released for DXP Platform."; VariantName = "[No Variations]"
Add component (AddParameter): Name = "PackageReference"; Value = "AXIAL-0.4"; VariantName = "[No Variations]"
Add component (AddParameter): Name = "Published"; Value = "8-Jun-2000"; VariantName = "[No Variations]"
Add component (AddParameter): Name = "Publisher"; Value = "Altium Limited"; VariantName = "[No Variations]"
Add component (AddParameter): Name = "Value"; Value = "200"; VariantName = "[No Variations]"
Added Component: Designator=R3(AXIAL-0.5-R)
Add component. Clean all parameters for all variants
Add component (AddParameter): Name = "LatestRevisionDate"; Value = "17-Jul-2002"; VariantName = "[No Variations]"
Add component (AddParameter): Name = "LatestRevisionNote"; Value = "Re-released for DXP Platform."; VariantName = "[No Variations]"
Add component (AddParameter): Name = "PackageReference"; Value = "AXIAL-0.4"; VariantName = "[No Variations]"
Add component (AddParameter): Name = "Published"; Value = "8-Jun-2000"; VariantName = "[No Variations]"
Add component (AddParameter): Name = "Publisher"; Value = "Altium Limited"; VariantName = "[No Variations]"
Add component (AddParameter): Name = "Value"; Value = "200"; VariantName = "[No Variations]"
Added Component: Designator=R4(AXIAL-0.5-R)
Add component. Clean all parameters for all variants
Add component (AddParameter): Name = "LatestRevisionDate"; Value = "17-Jul-2002"; VariantName = "[No Variations]"
Add component (AddParameter): Name = "LatestRevisionNote"; Value = "Re-released for DXP Platform."; VariantName = "[No Variations]"
Add component (AddParameter): Name = "PackageReference"; Value = "AXIAL-0.4"; VariantName = "[No Variations]"
Add component (AddParameter): Name = "Published"; Value = "8-Jun-2000"; VariantName = "[No Variations]"
Add component (AddParameter): Name = "Publisher"; Value = "Altium Limited"; VariantName = "[No Variations]"
Add component (AddParameter): Name = "Value"; Value = "200"; VariantName = "[No Variations]"
Added Component: Designator=R5(AXIAL-0.5-R)
Add component. Clean all parameters for all variants
Add component (AddParameter): Name = "LatestRevisionDate"; Value = "17-Jul-2002"; VariantName = "[No Variations]"
Add component (AddParameter): Name = "LatestRevisionNote"; Value = "Re-released for DXP Platform."; VariantName = "[No Variations]"
Add component (AddParameter): Name = "PackageReference"; Value = "AXIAL-0.4"; VariantName = "[No Variations]"
Add component (AddParameter): Name = "Published"; Value = "8-Jun-2000"; VariantName = "[No Variations]"
Add component (AddParameter): Name = "Publisher"; Value = "Altium Limited"; VariantName = "[No Variations]"
Add component (AddParameter): Name = "Value"; Value = "200"; VariantName = "[No Variations]"
Added Component: Designator=R6(AXIAL-0.5-R)
Add component. Clean all parameters for all variants
Add component (AddParameter): Name = "LatestRevisionDate"; Value = "17-Jul-2002"; VariantName = "[No Variations]"
Add component (AddParameter): Name = "LatestRevisionNote"; Value = "Re-released for DXP Platform."; VariantName = "[No Variations]"
Add component (AddParameter): Name = "PackageReference"; Value = "AXIAL-0.4"; VariantName = "[No Variations]"
Add component (AddParameter): Name = "Published"; Value = "8-Jun-2000"; VariantName = "[No Variations]"
Add component (AddParameter): Name = "Publisher"; Value = "Altium Limited"; VariantName = "[No Variations]"
Add component (AddParameter): Name = "Value"; Value = "200"; VariantName = "[No Variations]"
Added Component: Designator=R7(AXIAL-0.5-R)
Add component. Clean all parameters for all variants
Add component (AddParameter): Name = "LatestRevisionDate"; Value = "17-Jul-2002"; VariantName = "[No Variations]"
Add component (AddParameter): Name = "LatestRevisionNote"; Value = "Re-released for DXP Platform."; VariantName = "[No Variations]"
Add component (AddParameter): Name = "PackageReference"; Value = "AXIAL-0.4"; VariantName = "[No Variations]"
Add component (AddParameter): Name = "Published"; Value = "8-Jun-2000"; VariantName = "[No Variations]"
Add component (AddParameter): Name = "Publisher"; Value = "Altium Limited"; VariantName = "[No Variations]"
Add component (AddParameter): Name = "Value"; Value = "200"; VariantName = "[No Variations]"
Added Component: Designator=R8(AXIAL-0.5-R)
Add component. Clean all parameters for all variants
Add component (AddParameter): Name = "LatestRevisionDate"; Value = "17-Jul-2002"; VariantName = "[No Variations]"
Add component (AddParameter): Name = "LatestRevisionNote"; Value = "Re-released for DXP Platform."; VariantName = "[No Variations]"
Add component (AddParameter): Name = "PackageReference"; Value = "AXIAL-0.4"; VariantName = "[No Variations]"
Add component (AddParameter): Name = "Published"; Value = "8-Jun-2000"; VariantName = "[No Variations]"
Add component (AddParameter): Name = "Publisher"; Value = "Altium Limited"; VariantName = "[No Variations]"
Add component (AddParameter): Name = "Value"; Value = "200"; VariantName = "[No Variations]"
Added Component: Designator=R9(AXIAL-0.5-R)
Add component. Clean all parameters for all variants
Add component (AddParameter): Name = "LatestRevisionDate"; Value = "17-Jul-2002"; VariantName = "[No Variations]"
Add component (AddParameter): Name = "LatestRevisionNote"; Value = "Re-released for DXP Platform."; VariantName = "[No Variations]"
Add component (AddParameter): Name = "PackageReference"; Value = "AXIAL-0.4"; VariantName = "[No Variations]"
Add component (AddParameter): Name = "Published"; Value = "8-Jun-2000"; VariantName = "[No Variations]"
Add component (AddParameter): Name = "Publisher"; Value = "Altium Limited"; VariantName = "[No Variations]"
Add component (AddParameter): Name = "Value"; Value = "200"; VariantName = "[No Variations]"
Added Component: Designator=R11(AXIAL-0.5-R)
Add component. Clean all parameters for all variants
Add component (AddParameter): Name = "LatestRevisionDate"; Value = "17-Jul-2002"; VariantName = "[No Variations]"
Add component (AddParameter): Name = "LatestRevisionNote"; Value = "Re-released for DXP Platform."; VariantName = "[No Variations]"
Add component (AddParameter): Name = "PackageReference"; Value = "AXIAL-0.4"; VariantName = "[No Variations]"
Add component (AddParameter): Name = "Published"; Value = "8-Jun-2000"; VariantName = "[No Variations]"
Add component (AddParameter): Name = "Publisher"; Value = "Altium Limited"; VariantName = "[No Variations]"
Add component (AddParameter): Name = "Value"; Value = "200"; VariantName = "[No Variations]"
Added Component: Designator=R12(AXIAL-0.5-R)
Add component. Clean all parameters for all variants
Add component (AddParameter): Name = "LatestRevisionDate"; Value = "17-Jul-2002"; VariantName = "[No Variations]"
Add component (AddParameter): Name = "LatestRevisionNote"; Value = "Re-released for DXP Platform."; VariantName = "[No Variations]"
Add component (AddParameter): Name = "PackageReference"; Value = "AXIAL-0.4"; VariantName = "[No Variations]"
Add component (AddParameter): Name = "Published"; Value = "8-Jun-2000"; VariantName = "[No Variations]"
Add component (AddParameter): Name = "Publisher"; Value = "Altium Limited"; VariantName = "[No Variations]"
Add component (AddParameter): Name = "Value"; Value = "200"; VariantName = "[No Variations]"
Added Component: Designator=R13(AXIAL-0.5-R)
Add component. Clean all parameters for all variants
Add component (AddParameter): Name = "LatestRevisionDate"; Value = "17-Jul-2002"; VariantName = "[No Variations]"
Add component (AddParameter): Name = "LatestRevisionNote"; Value = "Re-released for DXP Platform."; VariantName = "[No Variations]"
Add component (AddParameter): Name = "PackageReference"; Value = "AXIAL-0.4"; VariantName = "[No Variations]"
Add component (AddParameter): Name = "Published"; Value = "8-Jun-2000"; VariantName = "[No Variations]"
Add component (AddParameter): Name = "Publisher"; Value = "Altium Limited"; VariantName = "[No Variations]"
Add component (AddParameter): Name = "Value"; Value = "200"; VariantName = "[No Variations]"
Added Component: Designator=R14(AXIAL-0.5-R)
Add component. Clean all parameters for all variants
Add component (AddParameter): Name = "LatestRevisionDate"; Value = "17-Jul-2002"; VariantName = "[No Variations]"
Add component (AddParameter): Name = "LatestRevisionNote"; Value = "Re-released for DXP Platform."; VariantName = "[No Variations]"
Add component (AddParameter): Name = "PackageReference"; Value = "AXIAL-0.4"; VariantName = "[No Variations]"
Add component (AddParameter): Name = "Published"; Value = "8-Jun-2000"; VariantName = "[No Variations]"
Add component (AddParameter): Name = "Publisher"; Value = "Altium Limited"; VariantName = "[No Variations]"
Add component (AddParameter): Name = "Value"; Value = "200"; VariantName = "[No Variations]"
Added Component: Designator=R15(AXIAL-0.5-R)
Add component. Clean all parameters for all variants
Add component (AddParameter): Name = "LatestRevisionDate"; Value = "17-Jul-2002"; VariantName = "[No Variations]"
Add component (AddParameter): Name = "LatestRevisionNote"; Value = "Re-released for DXP Platform."; VariantName = "[No Variations]"
Add component (AddParameter): Name = "PackageReference"; Value = "AXIAL-0.4"; VariantName = "[No Variations]"
Add component (AddParameter): Name = "Published"; Value = "8-Jun-2000"; VariantName = "[No Variations]"
Add component (AddParameter): Name = "Publisher"; Value = "Altium Limited"; VariantName = "[No Variations]"
Add component (AddParameter): Name = "Value"; Value = "470R"; VariantName = "[No Variations]"
Added Component: Designator=RN1(RES-PACK-DIP9)
Add component. Clean all parameters for all variants
Add component (AddParameter): Name = "Value"; Value = "1k"; VariantName = "[No Variations]"
Added Component: Designator=S1(BUTTON_6*6)
Add component. Clean all parameters for all variants
Add component (AddParameter): Name = "LatestRevisionDate"; Value = "17-Jul-2002"; VariantName = "[No Variations]"
Add component (AddParameter): Name = "LatestRevisionNote"; Value = "Re-released for DXP Platform."; VariantName = "[No Variations]"
Add component (AddParameter): Name = "PackageReference"; Value = "SPST-2"; VariantName = "[No Variations]"
Add component (AddParameter): Name = "Published"; Value = "24-Mar-1999"; VariantName = "[No Variations]"
Add component (AddParameter): Name = "Publisher"; Value = "Altium Limited"; VariantName = "[No Variations]"
Added Component: Designator=S2(BUTTON_6*6)
Add component. Clean all parameters for all variants
Add component (AddParameter): Name = "LatestRevisionDate"; Value = "17-Jul-2002"; VariantName = "[No Variations]"
Add component (AddParameter): Name = "LatestRevisionNote"; Value = "Re-released for DXP Platform."; VariantName = "[No Variations]"
Add component (AddParameter): Name = "PackageReference"; Value = "SPST-2"; VariantName = "[No Variations]"
Add component (AddParameter): Name = "Published"; Value = "24-Mar-1999"; VariantName = "[No Variations]"
Add component (AddParameter): Name = "Publisher"; Value = "Altium Limited"; VariantName = "[No Variations]"
Added Component: Designator=S3(BUTTON_6*6)
Add component. Clean all parameters for all variants
Add component (AddParameter): Name = "LatestRevisionDate"; Value = "17-Jul-2002"; VariantName = "[No Variations]"
Add component (AddParameter): Name = "LatestRevisionNote"; Value = "Re-released for DXP Platform."; VariantName = "[No Variations]"
Add component (AddParameter): Name = "PackageReference"; Value = "SPST-2"; VariantName = "[No Variations]"
Add component (AddParameter): Name = "Published"; Value = "24-Mar-1999"; VariantName = "[No Variations]"
Add component (AddParameter): Name = "Publisher"; Value = "Altium Limited"; VariantName = "[No Variations]"
Added Component: Designator=S4(BUTTON_6*6)
Add component. Clean all parameters for all variants
Add component (AddParameter): Name = "LatestRevisionDate"; Value = "17-Jul-2002"; VariantName = "[No Variations]"
Add component (AddParameter): Name = "LatestRevisionNote"; Value = "Re-released for DXP Platform."; VariantName = "[No Variations]"
Add component (AddParameter): Name = "PackageReference"; Value = "SPST-2"; VariantName = "[No Variations]"
Add component (AddParameter): Name = "Published"; Value = "24-Mar-1999"; VariantName = "[No Variations]"
Add component (AddParameter): Name = "Publisher"; Value = "Altium Limited"; VariantName = "[No Variations]"
Added Component: Designator=S5(BUTTON_6*6)
Add component. Clean all parameters for all variants
Add component (AddParameter): Name = "LatestRevisionDate"; Value = "17-Jul-2002"; VariantName = "[No Variations]"
Add component (AddParameter): Name = "LatestRevisionNote"; Value = "Re-released for DXP Platform."; VariantName = "[No Variations]"
Add component (AddParameter): Name = "PackageReference"; Value = "SPST-2"; VariantName = "[No Variations]"
Add component (AddParameter): Name = "Published"; Value = "24-Mar-1999"; VariantName = "[No Variations]"
Add component (AddParameter): Name = "Publisher"; Value = "Altium Limited"; VariantName = "[No Variations]"
Added Component: Designator=S6(sw_8.5mm)
Add component. Clean all parameters for all variants
Added Component: Designator=U1(DIP16-300_MH)
Add component. Clean all parameters for all variants
Add component (AddParameter): Name = "Code_JEDEC"; Value = "MS-001-BB"; VariantName = "[No Variations]"
Add component (AddParameter): Name = "ComponentLink1Description"; Value = "Manufacturer Link"; VariantName = "[No Variations]"
Add component (AddParameter): Name = "ComponentLink1URL"; Value = "http://www.ti.com/"; VariantName = "[No Variations]"
Add component (AddParameter): Name = "ComponentLink2Description"; Value = "Datasheet"; VariantName = "[No Variations]"
Add component (AddParameter): Name = "ComponentLink2URL"; Value = "http://www-s.ti.com/sc/ds/sn74ls138.pdf"; VariantName = "[No Variations]"
Add component (AddParameter): Name = "DatasheetVersion"; Value = "Mar-1988"; VariantName = "[No Variations]"
Add component (AddParameter): Name = "LatestRevisionDate"; Value = "04-Mar-2005"; VariantName = "[No Variations]"
Add component (AddParameter): Name = "LatestRevisionNote"; Value = "Stylized 3D Model Added."; VariantName = "[No Variations]"
Add component (AddParameter): Name = "PackageDescription"; Value = "DIP; 16 Leads; Row Spacing 7.62 mm; Pitch 2.54 mm"; VariantName = "[No Variations]"
Add component (AddParameter): Name = "PackageReference"; Value = "N016"; VariantName = "[No Variations]"
Add component (AddParameter): Name = "PackageVersion"; Value = "Oct-1995"; VariantName = "[No Variations]"
Add component (AddParameter): Name = "Published"; Value = "8-Jun-2000"; VariantName = "[No Variations]"
Add component (AddParameter): Name = "Publisher"; Value = "Altium Limited"; VariantName = "[No Variations]"
Added Component: Designator=U2(DIP28-600)
Add component. Clean all parameters for all variants
Add component (AddParameter): Name = "ComponentAvailability"; Value = "Obsolete"; VariantName = "[No Variations]"
Add component (AddParameter): Name = "ComponentLink1Description"; Value = "Manufacturer Link"; VariantName = "[No Variations]"
Add component (AddParameter): Name = "ComponentLink1URL"; Value = "http://www.ti.com/"; VariantName = "[No Variations]"
Add component (AddParameter): Name = "DatasheetVersion"; Value = "May-1988"; VariantName = "[No Variations]"
Add component (AddParameter): Name = "LatestRevisionDate"; Value = "08-Jul-2005"; VariantName = "[No Variations]"
Add component (AddParameter): Name = "LatestRevisionNote"; Value = "Stylized 3D Model Added."; VariantName = "[No Variations]"
Add component (AddParameter): Name = "PackageDescription"; Value = "DIP; 28 Leads; Row Spacing 15.24 mm; Pitch 2.54 mm"; VariantName = "[No Variations]"
Add component (AddParameter): Name = "PackageReference"; Value = "N028"; VariantName = "[No Variations]"
Add component (AddParameter): Name = "PackageVersion"; Value = "Oct-1994"; VariantName = "[No Variations]"
Add component (AddParameter): Name = "Published"; Value = "15-Apr-2002"; VariantName = "[No Variations]"
Add component (AddParameter): Name = "Publisher"; Value = "Altium Limited"; VariantName = "[No Variations]"
Added Component: Designator=U3(LCD1602)
Add component. Clean all parameters for all variants
Added Component: Designator=U4(DIP-40)
Add component. Clean all parameters for all variants
Added Component: Designator=Y1(cryŒ‘ Ω)
Add component. Clean all parameters for all variants
Added Pin To Net: NetName=VCC Pin=C1-1
Added Pin To Net: NetName=RESET Pin=C1-2
Added Pin To Net: NetName=VCC Pin=C2-1
Added Pin To Net: NetName=NetC2_2 Pin=C2-2
Added Pin To Net: NetName=VCC Pin=C3-1
Added Pin To Net: NetName=NetC3_2 Pin=C3-2
Added Pin To Net: NetName=VCC Pin=D1-1
Added Pin To Net: NetName=NetD1_2 Pin=D1-2
Added Pin To Net: NetName=VCC Pin=D2-1
Added Pin To Net: NetName=NetD2_2 Pin=D2-2
Added Pin To Net: NetName=VCC Pin=D3-1
Added Pin To Net: NetName=NetD3_2 Pin=D3-2
Added Pin To Net: NetName=VCC Pin=D4-1
Added Pin To Net: NetName=NetD4_2 Pin=D4-2
Added Pin To Net: NetName=VCC Pin=D5-1
Added Pin To Net: NetName=NetD5_2 Pin=D5-2
Added Pin To Net: NetName=VCC Pin=D6-1
Added Pin To Net: NetName=NetD6_2 Pin=D6-2
Added Pin To Net: NetName=VCC Pin=D7-1
Added Pin To Net: NetName=NetD7_2 Pin=D7-2
Added Pin To Net: NetName=VCC Pin=D8-1
Added Pin To Net: NetName=NetD8_2 Pin=D8-2
Added Pin To Net: NetName=VCC Pin=D9-1
Added Pin To Net: NetName=NetD9_2 Pin=D9-2
Added Pin To Net: NetName=VCC Pin=D10-1
Added Pin To Net: NetName=NetD10_2 Pin=D10-2
Added Pin To Net: NetName=VCC Pin=D11-1
Added Pin To Net: NetName=NetD11_2 Pin=D11-2
Added Pin To Net: NetName=VCC Pin=D12-1
Added Pin To Net: NetName=NetD12_2 Pin=D12-2
Added Pin To Net: NetName=IN0 Pin=P1-1
Added Pin To Net: NetName=NetP1_2 Pin=P1-2
Added Pin To Net: NetName=NetP1_3 Pin=P1-3
Added Pin To Net: NetName=NetP1_4 Pin=P1-4
Added Pin To Net: NetName=NetP1_5 Pin=P1-5
Added Pin To Net: NetName=NetP1_6 Pin=P1-6
Added Pin To Net: NetName=NetP1_7 Pin=P1-7
Added Pin To Net: NetName=NetP1_8 Pin=P1-8
Added Pin To Net: NetName=GND Pin=Pp1-1
Added Pin To Net: NetName=IN0 Pin=Pp1-2
Added Pin To Net: NetName=VCC Pin=Pp1-3
Added Pin To Net: NetName=GND Pin=Pp2-1
Added Pin To Net: NetName=VCC Pin=Pp2-3
Added Pin To Net: NetName=NetD1_2 Pin=R1-1
Added Pin To Net: NetName=NetR1_2 Pin=R1-2
Added Pin To Net: NetName=NetD2_2 Pin=R3-1
Added Pin To Net: NetName=NetR3_2 Pin=R3-2
Added Pin To Net: NetName=NetD3_2 Pin=R4-1
Added Pin To Net: NetName=NetR4_2 Pin=R4-2
Added Pin To Net: NetName=NetD4_2 Pin=R5-1
Added Pin To Net: NetName=NetR5_2 Pin=R5-2
Added Pin To Net: NetName=NetD5_2 Pin=R6-1
Added Pin To Net: NetName=NetR6_2 Pin=R6-2
Added Pin To Net: NetName=NetD6_2 Pin=R7-1
Added Pin To Net: NetName=NetR7_2 Pin=R7-2
Added Pin To Net: NetName=NetD7_2 Pin=R8-1
Added Pin To Net: NetName=NetR8_2 Pin=R8-2
Added Pin To Net: NetName=NetD8_2 Pin=R9-1
Added Pin To Net: NetName=NetR9_2 Pin=R9-2
Added Pin To Net: NetName=KEY1 Pin=R11-1
Added Pin To Net: NetName=NetD9_2 Pin=R11-2
Added Pin To Net: NetName=KEY2 Pin=R12-1
Added Pin To Net: NetName=NetD10_2 Pin=R12-2
Added Pin To Net: NetName=KEY3 Pin=R13-1
Added Pin To Net: NetName=NetD11_2 Pin=R13-2
Added Pin To Net: NetName=KEY4 Pin=R14-1
Added Pin To Net: NetName=NetD12_2 Pin=R14-2
Added Pin To Net: NetName=GND Pin=R15-1
Added Pin To Net: NetName=RESET Pin=R15-2
Added Pin To Net: NetName=VCC Pin=RN1-1
Added Pin To Net: NetName=add_A Pin=RN1-2
Added Pin To Net: NetName=add_B Pin=RN1-3
Added Pin To Net: NetName=add_C Pin=RN1-4
Added Pin To Net: NetName=START_ALE Pin=RN1-5
Added Pin To Net: NetName=OE Pin=RN1-6
Added Pin To Net: NetName=EOC Pin=RN1-7
Added Pin To Net: NetName=clk Pin=RN1-8
Added Pin To Net: NetName=74LS_EN Pin=RN1-9
Added Pin To Net: NetName=VCC Pin=S1-1
Added Pin To Net: NetName=VCC Pin=S1-1
Added Pin To Net: NetName=RESET Pin=S1-2
Added Pin To Net: NetName=RESET Pin=S1-2
Added Pin To Net: NetName=GND Pin=S2-1
Added Pin To Net: NetName=GND Pin=S2-1
Added Pin To Net: NetName=KEY1 Pin=S2-2
Added Pin To Net: NetName=KEY1 Pin=S2-2
Added Pin To Net: NetName=GND Pin=S3-1
Added Pin To Net: NetName=GND Pin=S3-1
Added Pin To Net: NetName=KEY2 Pin=S3-2
Added Pin To Net: NetName=KEY2 Pin=S3-2
Added Pin To Net: NetName=GND Pin=S4-1
Added Pin To Net: NetName=GND Pin=S4-1
Added Pin To Net: NetName=KEY3 Pin=S4-2
Added Pin To Net: NetName=KEY3 Pin=S4-2
Added Pin To Net: NetName=GND Pin=S5-1
Added Pin To Net: NetName=GND Pin=S5-1
Added Pin To Net: NetName=KEY4 Pin=S5-2
Added Pin To Net: NetName=KEY4 Pin=S5-2
Added Pin To Net: NetName=VCC Pin=S6-2
Added Pin To Net: NetName=GND Pin=S6-6
Added Pin To Net: NetName=add_A Pin=U1-1
Added Pin To Net: NetName=add_B Pin=U1-2
Added Pin To Net: NetName=add_C Pin=U1-3
Added Pin To Net: NetName=GND Pin=U1-4
Added Pin To Net: NetName=GND Pin=U1-5
Added Pin To Net: NetName=74LS_EN Pin=U1-6
Added Pin To Net: NetName=NetR9_2 Pin=U1-7
Added Pin To Net: NetName=GND Pin=U1-8
Added Pin To Net: NetName=NetR8_2 Pin=U1-9
Added Pin To Net: NetName=NetR7_2 Pin=U1-10
Added Pin To Net: NetName=NetR6_2 Pin=U1-11
Added Pin To Net: NetName=NetR5_2 Pin=U1-12
Added Pin To Net: NetName=NetR4_2 Pin=U1-13
Added Pin To Net: NetName=NetR3_2 Pin=U1-14
Added Pin To Net: NetName=NetR1_2 Pin=U1-15
Added Pin To Net: NetName=VCC Pin=U1-16
Added Pin To Net: NetName=NetP1_4 Pin=U2-1
Added Pin To Net: NetName=NetP1_5 Pin=U2-2
Added Pin To Net: NetName=NetP1_6 Pin=U2-3
Added Pin To Net: NetName=NetP1_7 Pin=U2-4
Added Pin To Net: NetName=NetP1_8 Pin=U2-5
Added Pin To Net: NetName=START_ALE Pin=U2-6
Added Pin To Net: NetName=EOC Pin=U2-7
Added Pin To Net: NetName=D3 Pin=U2-8
Added Pin To Net: NetName=OE Pin=U2-9
Added Pin To Net: NetName=clk Pin=U2-10
Added Pin To Net: NetName=VCC Pin=U2-11
Added Pin To Net: NetName=VCC Pin=U2-12
Added Pin To Net: NetName=GND Pin=U2-13
Added Pin To Net: NetName=D1 Pin=U2-14
Added Pin To Net: NetName=D2 Pin=U2-15
Added Pin To Net: NetName=GND Pin=U2-16
Added Pin To Net: NetName=D0 Pin=U2-17
Added Pin To Net: NetName=D4 Pin=U2-18
Added Pin To Net: NetName=D5 Pin=U2-19
Added Pin To Net: NetName=D6 Pin=U2-20
Added Pin To Net: NetName=D7 Pin=U2-21
Added Pin To Net: NetName=START_ALE Pin=U2-22
Added Pin To Net: NetName=add_C Pin=U2-23
Added Pin To Net: NetName=add_B Pin=U2-24
Added Pin To Net: NetName=add_A Pin=U2-25
Added Pin To Net: NetName=IN0 Pin=U2-26
Added Pin To Net: NetName=NetP1_2 Pin=U2-27
Added Pin To Net: NetName=NetP1_3 Pin=U2-28
Added Pin To Net: NetName=GND Pin=U3-1
Added Pin To Net: NetName=VCC Pin=U3-2
Added Pin To Net: NetName=RS Pin=U3-4
Added Pin To Net: NetName=RW Pin=U3-5
Added Pin To Net: NetName=lcd_en Pin=U3-6
Added Pin To Net: NetName=NetU3_7 Pin=U3-7
Added Pin To Net: NetName=NetU3_8 Pin=U3-8
Added Pin To Net: NetName=NetU3_9 Pin=U3-9
Added Pin To Net: NetName=NetU3_10 Pin=U3-10
Added Pin To Net: NetName=NetU3_11 Pin=U3-11
Added Pin To Net: NetName=NetU3_12 Pin=U3-12
Added Pin To Net: NetName=NetU3_13 Pin=U3-13
Added Pin To Net: NetName=NetU3_14 Pin=U3-14
Added Pin To Net: NetName=D0 Pin=U4-1
Added Pin To Net: NetName=D1 Pin=U4-2
Added Pin To Net: NetName=D2 Pin=U4-3
Added Pin To Net: NetName=D3 Pin=U4-4
Added Pin To Net: NetName=D4 Pin=U4-5
Added Pin To Net: NetName=D5 Pin=U4-6
Added Pin To Net: NetName=D6 Pin=U4-7
Added Pin To Net: NetName=D7 Pin=U4-8
Added Pin To Net: NetName=RESET Pin=U4-9
Added Pin To Net: NetName=KEY3 Pin=U4-10
Added Pin To Net: NetName=KEY4 Pin=U4-11
Added Pin To Net: NetName=KEY1 Pin=U4-12
Added Pin To Net: NetName=KEY2 Pin=U4-13
Added Pin To Net: NetName=lcd_en Pin=U4-15
Added Pin To Net: NetName=RW Pin=U4-16
Added Pin To Net: NetName=RS Pin=U4-17
Added Pin To Net: NetName=NetC2_2 Pin=U4-18
Added Pin To Net: NetName=NetC3_2 Pin=U4-19
Added Pin To Net: NetName=GND Pin=U4-20
Added Pin To Net: NetName=NetU3_7 Pin=U4-21
Added Pin To Net: NetName=NetU3_8 Pin=U4-22
Added Pin To Net: NetName=NetU3_9 Pin=U4-23
Added Pin To Net: NetName=NetU3_10 Pin=U4-24
Added Pin To Net: NetName=NetU3_11 Pin=U4-25
Added Pin To Net: NetName=NetU3_12 Pin=U4-26
Added Pin To Net: NetName=NetU3_13 Pin=U4-27
Added Pin To Net: NetName=NetU3_14 Pin=U4-28
Added Pin To Net: NetName=VCC Pin=U4-31
Added Pin To Net: NetName=74LS_EN Pin=U4-32
Added Pin To Net: NetName=clk Pin=U4-33
Added Pin To Net: NetName=EOC Pin=U4-34
Added Pin To Net: NetName=OE Pin=U4-35
Added Pin To Net: NetName=START_ALE Pin=U4-36
Added Pin To Net: NetName=add_C Pin=U4-37
Added Pin To Net: NetName=add_B Pin=U4-38
Added Pin To Net: NetName=add_A Pin=U4-39
Added Pin To Net: NetName=VCC Pin=U4-40
Added Pin To Net: NetName=NetC2_2 Pin=Y1-1
Added Pin To Net: NetName=NetC3_2 Pin=Y1-2
Added Pin To Net: NetName=NetP2_1 Pin=P2-1
Added Pin To Net: NetName=NetP2_1 Pin=S6-1
Added Net: Name=NetP2_1
Added Pin To Net: NetName=NetP2_2 Pin=P2-2
Added Pin To Net: NetName=NetP2_2 Pin=S6-4
Added Net: Name=NetP2_2
Added Pin To Net: NetName=NetPp2_2 Pin=Pp2-2
Added Pin To Net: NetName=NetPp2_2 Pin=U3-3
Added Net: Name=NetPp2_2
Added Class: Name=Sheet1
Added Room: Name=Sheet1
