Removed Pin From Net: NetName=VCC Pin=Pp1-3
Change Component Comment : Designator=Pp1 Old Comment=10k New Comment=5k
Added Component: Designator=R14(AXIAL-0.3-R)
Add component (AddParameter): Name = "LatestRevisionDate"; Value = "17-Jul-2002"; VariantName = "[No Variations]"
Add component (AddParameter): Name = "LatestRevisionNote"; Value = "Re-released for DXP Platform."; VariantName = "[No Variations]"
Add component (AddParameter): Name = "PackageReference"; Value = "AXIAL-0.4"; VariantName = "[No Variations]"
Add component (AddParameter): Name = "Published"; Value = "8-Jun-2000"; VariantName = "[No Variations]"
Add component (AddParameter): Name = "Publisher"; Value = "Altium Limited"; VariantName = "[No Variations]"
Add component (AddParameter): Name = "Value"; Value = "4.7k"; VariantName = "[No Variations]"
Added Component: Designator=R15(AXIAL-0.3-R)
Add component (AddParameter): Name = "LatestRevisionDate"; Value = "17-Jul-2002"; VariantName = "[No Variations]"
Add component (AddParameter): Name = "LatestRevisionNote"; Value = "Re-released for DXP Platform."; VariantName = "[No Variations]"
Add component (AddParameter): Name = "PackageReference"; Value = "AXIAL-0.4"; VariantName = "[No Variations]"
Add component (AddParameter): Name = "Published"; Value = "8-Jun-2000"; VariantName = "[No Variations]"
Add component (AddParameter): Name = "Publisher"; Value = "Altium Limited"; VariantName = "[No Variations]"
Add component (AddParameter): Name = "Value"; Value = "4.7k"; VariantName = "[No Variations]"
Added Component: Designator=R16(AXIAL-0.3-R)
Add component (AddParameter): Name = "LatestRevisionDate"; Value = "17-Jul-2002"; VariantName = "[No Variations]"
Add component (AddParameter): Name = "LatestRevisionNote"; Value = "Re-released for DXP Platform."; VariantName = "[No Variations]"
Add component (AddParameter): Name = "PackageReference"; Value = "AXIAL-0.4"; VariantName = "[No Variations]"
Add component (AddParameter): Name = "Published"; Value = "8-Jun-2000"; VariantName = "[No Variations]"
Add component (AddParameter): Name = "Publisher"; Value = "Altium Limited"; VariantName = "[No Variations]"
Add component (AddParameter): Name = "Value"; Value = "4.7k"; VariantName = "[No Variations]"
Added Component: Designator=R17(AXIAL-0.3-R)
Add component (AddParameter): Name = "LatestRevisionDate"; Value = "17-Jul-2002"; VariantName = "[No Variations]"
Add component (AddParameter): Name = "LatestRevisionNote"; Value = "Re-released for DXP Platform."; VariantName = "[No Variations]"
Add component (AddParameter): Name = "PackageReference"; Value = "AXIAL-0.4"; VariantName = "[No Variations]"
Add component (AddParameter): Name = "Published"; Value = "8-Jun-2000"; VariantName = "[No Variations]"
Add component (AddParameter): Name = "Publisher"; Value = "Altium Limited"; VariantName = "[No Variations]"
Add component (AddParameter): Name = "Value"; Value = "4.7k"; VariantName = "[No Variations]"
Added Component: Designator=R18(AXIAL-0.3-R)
Add component (AddParameter): Name = "LatestRevisionDate"; Value = "17-Jul-2002"; VariantName = "[No Variations]"
Add component (AddParameter): Name = "LatestRevisionNote"; Value = "Re-released for DXP Platform."; VariantName = "[No Variations]"
Add component (AddParameter): Name = "PackageReference"; Value = "AXIAL-0.4"; VariantName = "[No Variations]"
Add component (AddParameter): Name = "Published"; Value = "8-Jun-2000"; VariantName = "[No Variations]"
Add component (AddParameter): Name = "Publisher"; Value = "Altium Limited"; VariantName = "[No Variations]"
Add component (AddParameter): Name = "Value"; Value = "4.7k"; VariantName = "[No Variations]"
Added Component: Designator=R19(AXIAL-0.3-R)
Add component (AddParameter): Name = "LatestRevisionDate"; Value = "17-Jul-2002"; VariantName = "[No Variations]"
Add component (AddParameter): Name = "LatestRevisionNote"; Value = "Re-released for DXP Platform."; VariantName = "[No Variations]"
Add component (AddParameter): Name = "PackageReference"; Value = "AXIAL-0.4"; VariantName = "[No Variations]"
Add component (AddParameter): Name = "Published"; Value = "8-Jun-2000"; VariantName = "[No Variations]"
Add component (AddParameter): Name = "Publisher"; Value = "Altium Limited"; VariantName = "[No Variations]"
Add component (AddParameter): Name = "Value"; Value = "4.7k"; VariantName = "[No Variations]"
Added Pin To Net: NetName=VCC Pin=P2-1
Added Pin To Net: NetName=GND Pin=P2-8
Added Pin To Net: NetName=VCC Pin=R14-2
Added Pin To Net: NetName=GND Pin=U2-5
Added Pin To Net: NetName=VCC Pin=U2-26
Added Pin To Net: NetName=IN1 Pin=P2-2
Added Pin To Net: NetName=IN1 Pin=R14-1
Added Pin To Net: NetName=IN1 Pin=R15-2
Added Pin To Net: NetName=IN1 Pin=U2-27
Added Net: Name=IN1
Added Pin To Net: NetName=IN2 Pin=P2-3
Added Pin To Net: NetName=IN2 Pin=R15-1
Added Pin To Net: NetName=IN2 Pin=R16-2
Added Pin To Net: NetName=IN2 Pin=U2-28
Added Net: Name=IN2
Added Pin To Net: NetName=IN3 Pin=P2-4
Added Pin To Net: NetName=IN3 Pin=R16-1
Added Pin To Net: NetName=IN3 Pin=R17-2
Added Pin To Net: NetName=IN3 Pin=U2-1
Added Net: Name=IN3
Added Pin To Net: NetName=IN4 Pin=P2-5
Added Pin To Net: NetName=IN4 Pin=R17-1
Added Pin To Net: NetName=IN4 Pin=R18-2
Added Pin To Net: NetName=IN4 Pin=U2-2
Added Net: Name=IN4
Added Pin To Net: NetName=IN5 Pin=P2-6
Added Pin To Net: NetName=IN5 Pin=R18-1
Added Pin To Net: NetName=IN5 Pin=R19-2
Added Pin To Net: NetName=IN5 Pin=U2-3
Added Net: Name=IN5
Added Pin To Net: NetName=IN6 Pin=P2-7
Added Pin To Net: NetName=IN6 Pin=Pp1-3
Added Pin To Net: NetName=IN6 Pin=R19-1
Added Pin To Net: NetName=IN6 Pin=U2-4
Added Net: Name=IN6
Added Member To Class: ClassName=Sheet1 Member=Component R14 200
Added Member To Class: ClassName=Sheet1 Member=Component R15 200
Added Member To Class: ClassName=Sheet1 Member=Component R16 200
Added Member To Class: ClassName=Sheet1 Member=Component R17 200
Added Member To Class: ClassName=Sheet1 Member=Component R18 200
Added Member To Class: ClassName=Sheet1 Member=Component R19 200
Added Room: Name=Sheet1
