Removed Pin From Net: NetName=GND Pin=C6-1
Removed Pin From Net: NetName=GND Pin=C7-1
Removed Pin From Net: NetName=GND Pin=C9-1
Removed Member From Class: ClassName=Sheet1 Member=C7
Removed Member From Class: ClassName=Sheet1 Member=C8
Removed Member From Class: ClassName=Sheet1 Member=C9
Change Component Designator: OldDesignator=C1 NewDesignator=C4
Change Component Designator: OldDesignator=C2 NewDesignator=C5
Change Component Designator: OldDesignator=C3 NewDesignator=C6
Change Component Designator: OldDesignator=C4 NewDesignator=C1
Change Component Designator: OldDesignator=C5 NewDesignator=C2
Change Component Designator: OldDesignator=C8 NewDesignator=C3
Change Component Designator: OldDesignator=P1 NewDesignator=P2
Change Component Designator: OldDesignator=P2 NewDesignator=P3
Change Component Designator: OldDesignator=P3 NewDesignator=P1
Added Pin To Net: NetName=GND Pin=U1-4
Added Pin To Net: NetName=GND Pin=U1-5
Added Pin To Net: NetName=GND Pin=U1-8
Added Pin To Net: NetName=GND Pin=U2-13
Added Pin To Net: NetName=GND Pin=U2-16
Added Pin To Net: NetName=GND Pin=U4-20
Change Net Name : Old Net Name=NetC2_2 New Net Name=NetC5_2
Change Net Name : Old Net Name=NetC3_2 New Net Name=NetC6_2
Change Net Name : Old Net Name=NetP1_1 New Net Name=NetP2_1
Change Net Name : Old Net Name=NetP1_2 New Net Name=NetP2_2
Change Net Name : Old Net Name=NetP1_3 New Net Name=NetP2_3
Change Net Name : Old Net Name=NetP1_4 New Net Name=NetP2_4
Change Net Name : Old Net Name=NetP1_5 New Net Name=NetP2_5
Change Net Name : Old Net Name=NetP1_6 New Net Name=NetP2_6
Change Net Name : Old Net Name=NetP1_7 New Net Name=NetP2_7
Change Net Name : Old Net Name=NetP1_8 New Net Name=NetP2_8
Change Net Name : Old Net Name=NetP2_1 New Net Name=NetP3_1
Change Net Name : Old Net Name=NetP2_2 New Net Name=NetP3_2
Change Net Name : Old Net Name=NetP3_1 New Net Name=NetP1_1
Added Room: Name=Sheet1
