Removed Pin From Net: NetName=NetC5_2 Pin=Y1-1
Removed Pin From Net: NetName=NetC6_2 Pin=Y1-2
Change component parameters: Designator = "D1"; Footprint = "LED 5MM-R"; UniqueID = "\AEQEYANA"
Change component parameters. Clean all parameters for all variants
Change component parameters (AddParameter): Name = "Value"; Value = "ºìµÆ"; VariantName = "[No Variations]"
Change component parameters: Designator = "D2"; Footprint = "LED 5MM-R"; UniqueID = "\CZDZJHFX"
Change component parameters. Clean all parameters for all variants
Change component parameters (AddParameter): Name = "Value"; Value = "ºìµÆ"; VariantName = "[No Variations]"
Change component parameters: Designator = "D3"; Footprint = "LED 5MM-R"; UniqueID = "\BTYVTCUS"
Change component parameters. Clean all parameters for all variants
Change component parameters (AddParameter): Name = "Value"; Value = "ºìµÆ"; VariantName = "[No Variations]"
Change component parameters: Designator = "D4"; Footprint = "LED 5MM-R"; UniqueID = "\ASIAXPBH"
Change component parameters. Clean all parameters for all variants
Change component parameters (AddParameter): Name = "Value"; Value = "ºìµÆ"; VariantName = "[No Variations]"
Change component parameters: Designator = "D5"; Footprint = "LED 5MM-R"; UniqueID = "\QAEAXUMS"
Change component parameters. Clean all parameters for all variants
Change component parameters (AddParameter): Name = "Value"; Value = "ºìµÆ"; VariantName = "[No Variations]"
Change component parameters: Designator = "D6"; Footprint = "LED 5MM-R"; UniqueID = "\HXVZWQQG"
Change component parameters. Clean all parameters for all variants
Change component parameters (AddParameter): Name = "Value"; Value = "ºìµÆ"; VariantName = "[No Variations]"
Change component parameters: Designator = "D7"; Footprint = "LED 5MM-R"; UniqueID = "\PQURZUBY"
Change component parameters. Clean all parameters for all variants
Change component parameters (AddParameter): Name = "Value"; Value = "ºìµÆ"; VariantName = "[No Variations]"
Change component parameters: Designator = "D8"; Footprint = "LED 5MM-R"; UniqueID = "\JJQIQZOF"
Change component parameters. Clean all parameters for all variants
Change component parameters (AddParameter): Name = "Value"; Value = "ºìµÆ"; VariantName = "[No Variations]"
Change component parameters: Designator = "Pp1"; Footprint = "RP_3296"; UniqueID = "\SXTHCDDS"
Change component parameters. Clean all parameters for all variants
Change component parameters (AddParameter): Name = "¹ºÂòÁ´½Ó"; Value = "https://item.taobao.com/item.htm?spm=a230r.1.14.90.21641e34zQj3ul&id=19303265869&ns=1&abbucket=13#detail"; VariantName = "[No Variations]"
Change component parameters: Designator = "Pp2"; Footprint = "RP_3296"; UniqueID = "\VFELKHCQ"
Change component parameters. Clean all parameters for all variants
Change component parameters (AddParameter): Name = "¹ºÂòÁ´½Ó"; Value = "https://item.taobao.com/item.htm?spm=a230r.1.14.90.21641e34zQj3ul&id=19303265869&ns=1&abbucket=13#detail"; VariantName = "[No Variations]"
Added Pin To Net: NetName=NetC6_2 Pin=Y1-1
Added Pin To Net: NetName=NetC5_2 Pin=Y1-2
Added Member To Class: ClassName=Sheet1 Member=Component C1 104
Added Member To Class: ClassName=Sheet1 Member=Component C3 104
Added Member To Class: ClassName=Sheet1 Member=Component C5 30p
Added Member To Class: ClassName=Sheet1 Member=Component C6 30p
Added Member To Class: ClassName=Sheet1 Member=Component P1 Header 2
Added Member To Class: ClassName=Sheet1 Member=Component P3 Header 2
Added Room: Name=Sheet1
